<?xml version="1.0" encoding="UTF-8"?>
<testsuite name="org.hyperskill.calculator.tip.ExampleUnitTest" tests="8" skipped="0" failures="0" errors="0" timestamp="2021-07-14T18:33:29" hostname="192.168.5.199" time="6.176">
  <properties/>
  <testcase name="testShouldCheckSliderListenerLast" classname="org.hyperskill.calculator.tip.ExampleUnitTest" time="5.374"/>
  <testcase name="testShouldCheckEditTextListenerFirst" classname="org.hyperskill.calculator.tip.ExampleUnitTest" time="0.155"/>
  <testcase name="testShouldCheckTextViewExist" classname="org.hyperskill.calculator.tip.ExampleUnitTest" time="0.126"/>
  <testcase name="testShouldCheckSliderExist" classname="org.hyperskill.calculator.tip.ExampleUnitTest" time="0.106"/>
  <testcase name="testShouldCheckSliderListenerFirst" classname="org.hyperskill.calculator.tip.ExampleUnitTest" time="0.113"/>
  <testcase name="testShouldCheckEditTextExist" classname="org.hyperskill.calculator.tip.ExampleUnitTest" time="0.108"/>
  <testcase name="testShouldCheckEditTextListenerLast" classname="org.hyperskill.calculator.tip.ExampleUnitTest" time="0.1"/>
  <testcase name="testShouldCheckLongJustForFun" classname="org.hyperskill.calculator.tip.ExampleUnitTest" time="0.093"/>
  <system-out><![CDATA[[Robolectric] org.hyperskill.calculator.tip.ExampleUnitTest.testShouldCheckSliderListenerLast: sdk=28; resources=BINARY
Called loadFromPath(/system/framework/framework-res.apk, true); mode=binary sdk=28
[Robolectric] org.hyperskill.calculator.tip.ExampleUnitTest.testShouldCheckEditTextListenerFirst: sdk=28; resources=BINARY
[Robolectric] org.hyperskill.calculator.tip.ExampleUnitTest.testShouldCheckTextViewExist: sdk=28; resources=BINARY
[Robolectric] org.hyperskill.calculator.tip.ExampleUnitTest.testShouldCheckSliderExist: sdk=28; resources=BINARY
[Robolectric] org.hyperskill.calculator.tip.ExampleUnitTest.testShouldCheckSliderListenerFirst: sdk=28; resources=BINARY
[Robolectric] org.hyperskill.calculator.tip.ExampleUnitTest.testShouldCheckEditTextExist: sdk=28; resources=BINARY
[Robolectric] org.hyperskill.calculator.tip.ExampleUnitTest.testShouldCheckEditTextListenerLast: sdk=28; resources=BINARY
[Robolectric] org.hyperskill.calculator.tip.ExampleUnitTest.testShouldCheckLongJustForFun: sdk=28; resources=BINARY
]]></system-out>
  <system-err><![CDATA[]]></system-err>
</testsuite>
